C:\Users\marco\source\repos\DesenvolvedorIO\MinhaAPICompleta\MinhaAPICompleta\src\DevIO.Api\wwwroot\app\demo-webapi\dist\out-tsc\e2e\src\app.po.js
C:\Users\marco\source\repos\DesenvolvedorIO\MinhaAPICompleta\MinhaAPICompleta\src\DevIO.Api\wwwroot\app\demo-webapi\dist\out-tsc\e2e\src\app.po.js.map
C:\Users\marco\source\repos\DesenvolvedorIO\MinhaAPICompleta\MinhaAPICompleta\src\DevIO.Api\wwwroot\app\demo-webapi\dist\out-tsc\e2e\src\app.e2e-spec.js
C:\Users\marco\source\repos\DesenvolvedorIO\MinhaAPICompleta\MinhaAPICompleta\src\DevIO.Api\wwwroot\app\demo-webapi\dist\out-tsc\e2e\src\app.e2e-spec.js.map
C:\Users\marco\source\repos\DesenvolvedorIO\MinhaAPICompleta\MinhaAPICompleta\src\DevIO.Api\wwwroot\app\demo-webapi\dist\out-tsc\src\app\produtos\models\Produto.js
C:\Users\marco\source\repos\DesenvolvedorIO\MinhaAPICompleta\MinhaAPICompleta\src\DevIO.Api\wwwroot\app\demo-webapi\dist\out-tsc\src\app\produtos\models\Produto.js.map
C:\Users\marco\source\repos\DesenvolvedorIO\MinhaAPICompleta\MinhaAPICompleta\src\DevIO.Api\wwwroot\app\demo-webapi\dist\out-tsc\src\app\produtos\models\Fornecedor.js
C:\Users\marco\source\repos\DesenvolvedorIO\MinhaAPICompleta\MinhaAPICompleta\src\DevIO.Api\wwwroot\app\demo-webapi\dist\out-tsc\src\app\produtos\models\Fornecedor.js.map
C:\Users\marco\source\repos\DesenvolvedorIO\MinhaAPICompleta\MinhaAPICompleta\src\DevIO.Api\wwwroot\app\demo-webapi\dist\out-tsc\src\app\base\baseService.js
C:\Users\marco\source\repos\DesenvolvedorIO\MinhaAPICompleta\MinhaAPICompleta\src\DevIO.Api\wwwroot\app\demo-webapi\dist\out-tsc\src\app\base\baseService.js.map
C:\Users\marco\source\repos\DesenvolvedorIO\MinhaAPICompleta\MinhaAPICompleta\src\DevIO.Api\wwwroot\app\demo-webapi\dist\out-tsc\src\app\produtos\services\produtoService.js
C:\Users\marco\source\repos\DesenvolvedorIO\MinhaAPICompleta\MinhaAPICompleta\src\DevIO.Api\wwwroot\app\demo-webapi\dist\out-tsc\src\app\produtos\services\produtoService.js.map
C:\Users\marco\source\repos\DesenvolvedorIO\MinhaAPICompleta\MinhaAPICompleta\src\DevIO.Api\wwwroot\app\demo-webapi\dist\out-tsc\src\app\produtos\cadastro\cadastro.component.js
C:\Users\marco\source\repos\DesenvolvedorIO\MinhaAPICompleta\MinhaAPICompleta\src\DevIO.Api\wwwroot\app\demo-webapi\dist\out-tsc\src\app\produtos\cadastro\cadastro.component.js.map
C:\Users\marco\source\repos\DesenvolvedorIO\MinhaAPICompleta\MinhaAPICompleta\src\DevIO.Api\wwwroot\app\demo-webapi\dist\out-tsc\src\app\produtos\lista\lista.component.js
C:\Users\marco\source\repos\DesenvolvedorIO\MinhaAPICompleta\MinhaAPICompleta\src\DevIO.Api\wwwroot\app\demo-webapi\dist\out-tsc\src\app\produtos\lista\lista.component.js.map
C:\Users\marco\source\repos\DesenvolvedorIO\MinhaAPICompleta\MinhaAPICompleta\src\DevIO.Api\wwwroot\app\demo-webapi\dist\out-tsc\src\app\user\user.js
C:\Users\marco\source\repos\DesenvolvedorIO\MinhaAPICompleta\MinhaAPICompleta\src\DevIO.Api\wwwroot\app\demo-webapi\dist\out-tsc\src\app\user\user.js.map
C:\Users\marco\source\repos\DesenvolvedorIO\MinhaAPICompleta\MinhaAPICompleta\src\DevIO.Api\wwwroot\app\demo-webapi\dist\out-tsc\src\app\user\userService.js
C:\Users\marco\source\repos\DesenvolvedorIO\MinhaAPICompleta\MinhaAPICompleta\src\DevIO.Api\wwwroot\app\demo-webapi\dist\out-tsc\src\app\user\userService.js.map
C:\Users\marco\source\repos\DesenvolvedorIO\MinhaAPICompleta\MinhaAPICompleta\src\DevIO.Api\wwwroot\app\demo-webapi\dist\out-tsc\src\app\user\login\login.component.js
C:\Users\marco\source\repos\DesenvolvedorIO\MinhaAPICompleta\MinhaAPICompleta\src\DevIO.Api\wwwroot\app\demo-webapi\dist\out-tsc\src\app\user\login\login.component.js.map
C:\Users\marco\source\repos\DesenvolvedorIO\MinhaAPICompleta\MinhaAPICompleta\src\DevIO.Api\wwwroot\app\demo-webapi\dist\out-tsc\src\app\app-routing.module.js
C:\Users\marco\source\repos\DesenvolvedorIO\MinhaAPICompleta\MinhaAPICompleta\src\DevIO.Api\wwwroot\app\demo-webapi\dist\out-tsc\src\app\app-routing.module.js.map
C:\Users\marco\source\repos\DesenvolvedorIO\MinhaAPICompleta\MinhaAPICompleta\src\DevIO.Api\wwwroot\app\demo-webapi\dist\out-tsc\src\app\app.component.js
C:\Users\marco\source\repos\DesenvolvedorIO\MinhaAPICompleta\MinhaAPICompleta\src\DevIO.Api\wwwroot\app\demo-webapi\dist\out-tsc\src\app\app.component.js.map
C:\Users\marco\source\repos\DesenvolvedorIO\MinhaAPICompleta\MinhaAPICompleta\src\DevIO.Api\wwwroot\app\demo-webapi\dist\out-tsc\src\app\user\menu\menu.user.component.js
C:\Users\marco\source\repos\DesenvolvedorIO\MinhaAPICompleta\MinhaAPICompleta\src\DevIO.Api\wwwroot\app\demo-webapi\dist\out-tsc\src\app\user\menu\menu.user.component.js.map
C:\Users\marco\source\repos\DesenvolvedorIO\MinhaAPICompleta\MinhaAPICompleta\src\DevIO.Api\wwwroot\app\demo-webapi\dist\out-tsc\src\app\base\menu\menu.component.js
C:\Users\marco\source\repos\DesenvolvedorIO\MinhaAPICompleta\MinhaAPICompleta\src\DevIO.Api\wwwroot\app\demo-webapi\dist\out-tsc\src\app\base\menu\menu.component.js.map
C:\Users\marco\source\repos\DesenvolvedorIO\MinhaAPICompleta\MinhaAPICompleta\src\DevIO.Api\wwwroot\app\demo-webapi\dist\out-tsc\src\app\app.module.js
C:\Users\marco\source\repos\DesenvolvedorIO\MinhaAPICompleta\MinhaAPICompleta\src\DevIO.Api\wwwroot\app\demo-webapi\dist\out-tsc\src\app\app.module.js.map
C:\Users\marco\source\repos\DesenvolvedorIO\MinhaAPICompleta\MinhaAPICompleta\src\DevIO.Api\wwwroot\app\demo-webapi\dist\out-tsc\src\environments\environment.js
C:\Users\marco\source\repos\DesenvolvedorIO\MinhaAPICompleta\MinhaAPICompleta\src\DevIO.Api\wwwroot\app\demo-webapi\dist\out-tsc\src\environments\environment.js.map
C:\Users\marco\source\repos\DesenvolvedorIO\MinhaAPICompleta\MinhaAPICompleta\src\DevIO.Api\wwwroot\app\demo-webapi\dist\out-tsc\src\main.js
C:\Users\marco\source\repos\DesenvolvedorIO\MinhaAPICompleta\MinhaAPICompleta\src\DevIO.Api\wwwroot\app\demo-webapi\dist\out-tsc\src\main.js.map
C:\Users\marco\source\repos\DesenvolvedorIO\MinhaAPICompleta\MinhaAPICompleta\src\DevIO.Api\wwwroot\app\demo-webapi\dist\out-tsc\src\polyfills.js
C:\Users\marco\source\repos\DesenvolvedorIO\MinhaAPICompleta\MinhaAPICompleta\src\DevIO.Api\wwwroot\app\demo-webapi\dist\out-tsc\src\polyfills.js.map
C:\Users\marco\source\repos\DesenvolvedorIO\MinhaAPICompleta\MinhaAPICompleta\src\DevIO.Api\wwwroot\app\demo-webapi\dist\out-tsc\src\test.js
C:\Users\marco\source\repos\DesenvolvedorIO\MinhaAPICompleta\MinhaAPICompleta\src\DevIO.Api\wwwroot\app\demo-webapi\dist\out-tsc\src\test.js.map
C:\Users\marco\source\repos\DesenvolvedorIO\MinhaAPICompleta\MinhaAPICompleta\src\DevIO.Api\wwwroot\app\demo-webapi\dist\out-tsc\src\environments\environment.prod.js
C:\Users\marco\source\repos\DesenvolvedorIO\MinhaAPICompleta\MinhaAPICompleta\src\DevIO.Api\wwwroot\app\demo-webapi\dist\out-tsc\src\environments\environment.prod.js.map
